Arguments: 
  C:\Program Files\nodejs\node.exe C:\Users\Dell\AppData\Roaming\npm\node_modules\yarn\bin\yarn.js add .

PATH: 
  C:\cmder\bin;C:\cmder\vendor\bin;C:\cmder\vendor\conemu-maximus5\ConEmu\Scripts;C:\cmder\vendor\conemu-maximus5;C:\cmder\vendor\conemu-maximus5\ConEmu;C:\Windows\system32;C:\Windows;C:\Windows\System32\Wbem;C:\Windows\System32\WindowsPowerShell\v1.0\;C:\Program Files (x86)\NVIDIA Corporation\PhysX\Common;C:\Program Files\nodejs\;C:\Users\Dell\AppData\Local\Microsoft\WindowsApps;d:\Users\Dell\AppData\Local\Programs\Microsoft VS Code\bin;C:\Users\Dell\AppData\Roaming\npm;C:\Program Files\Git\cmd;C:\Users\Dell\AppData\Local\Yarn\bin;C:\Program Files\nodejs;C:\WINDOWS\system32;C:\WINDOWS;C:\WINDOWS\System32\Wbem;C:\WINDOWS\System32\WindowsPowerShell\v1.0\;C:\WINDOWS\System32\OpenSSH\;D:\Program Files\PuTTY\;C:\cmder;C:\Users\Dell\AppData\Local\BypassRuntm;d:\Program Files (x86)\Egret\Egret Wing 3\bin;C:\Users\Dell\AppData\Roaming\npm\node_modules\electron;E:\MongoDB\bin;C:\Program Files\Git\cmd;C:\Program Files\Git\mingw64\bin;C:\Program Files\Git\usr\bin;C:\cmder

Yarn version: 
  1.22.4

Node version: 
  10.16.0

Platform: 
  win32 x64

Trace: 
  Error: getaddrinfo ENOENT raw.githubusercontent.com raw.githubusercontent.com:443
      at GetAddrInfoReqWrap.onlookup [as oncomplete] (dns.js:56:26)

npm manifest: 
  {
    "name": "create-react-app-antd",
    "version": "0.1.0",
    "private": true,
    "homepage": "./",
    "dependencies": {
      "ant-design-pro": "^1.2.1",
      "antd": "^3.11.0",
      "axios": "^0.18.0",
      "babel-plugin-syntax-dynamic-import": "^6.18.0",
      "bootstrap": "^3.3.7",
      "layui-src": "^2.4.5",
      "moment": "^2.26.0",
      "qrcode.react": "^0.8.0",
      "react": "^16.0.0",
      "react-dom": "^16.0.0",
      "react-draggable": "^3.1.1",
      "react-html-table-to-excel": "^2.0.0",
      "react-loadable": "^5.5.0",
      "react-markdown": "^4.0.6",
      "react-redux": "^5.0.7",
      "react-router-dom": "^4.2.2",
      "redux": "^3.7.2",
      "scratch-audio": "0.1.0-prerelease.20190114210212",
      "scratch-render": "0.1.0-prerelease.20190214183944",
      "scratch-storage": "^1.2.2",
      "scratch-svg-renderer": "^0.2.0-prerelease.20190125192231",
      "scratch-vm": "^0.2.0-prerelease.20190215190223",
      "socket.io-client": "^2.1.1",
      "stl-viewer": "^0.12.0",
      "survey-react": "^1.0.64",
      "surveyjs-widgets": "latest",
      "three": "^0.104.0",
      "uglifyjs-webpack-plugin": "^2.1.2",
      "vector-month": "^1.2.1"
    },
    "scripts": {
      "start": "react-app-rewired start",
      "build": "set REACT_APP_BASENAME=maiyajiaweb&&react-app-rewired build",
      "test": "react-app-rewired test --env=jsdom",
      "eject": "react-scripts eject"
    },
    "devDependencies": {
      "babel-plugin-import": "^1.6.2",
      "react-app-rewire-babel-loader": "^0.1.1",
      "react-app-rewire-css-modules": "github:codebandits/react-app-rewire-css-modules",
      "react-app-rewire-less": "^2.0.8",
      "react-app-rewired": "^1.3.4",
      "react-scripts": "1.0.16",
      "sass-loader": "^6.0.7"
    }
  }

yarn manifest: 
  No manifest

Lockfile: 
  No lockfile
